  Microsoft (R) C/C++ Optimizing Compiler Version 19.37.32824 for x86
  Copyright (C) Microsoft Corporation.  All rights reserved.
  cl /c /I"H:\CMakeProjects\SimpleRenderEngineProject\thirdparty\Win\SDL2-2.0.9\include" /I"H:\CMakeProjects\SimpleRenderEngineProject\thirdparty\Win\glew-2.1.0\include" /I"H:\CMakeProjects\SimpleRenderEngineProject\thirdparty\Win\SDL2_image-2.0.4\include" /I"H:\CMakeProjects\SimpleRenderEngineProject\thirdparty\Win\SDL2_mixer-2.0.4\include" /IH:\CMakeProjects\SimpleRenderEngineProject\thirdparty\Win\Box2D\include /IH:\CMakeProjects\SimpleRenderEngineProject\thirdparty\Win\Lua\include /IH:\CMakeProjects\SimpleRenderEngineProject\thirdparty\All\include /IH:\CMakeProjects\SimpleRenderEngineProject\submodules\SimpleRenderEngine\include /IH:\CMakeProjects\SimpleRenderEngineProject\submodules\SimpleRenderEngine\submodules\ImGuiColorTextEdit /IH:\CMakeProjects\SimpleRenderEngineProject\submodules\SimpleRenderEngine\submodules\imgui /IH:\CMakeProjects\SimpleRenderEngineProject\submodules\SimpleRenderEngine\submodules\glm /IH:\CMakeProjects\SimpleRenderEngineProject\submodules\SimpleRenderEngine\submodules\picojson /IH:\CMakeProjects\SimpleRenderEngineProject\Exercise4\Engine /IH:\CMakeProjects\SimpleRenderEngineProject\Exercise4\Engine\Engine /Zi /W3 /WX- /diagnostics:column /Od /Ob0 /Oy- /D _MBCS /D WIN32 /D _WINDOWS /D "CMAKE_INTDIR=\"Debug\"" /Gm- /EHsc /RTC1 /MDd /GS /fp:precise /Zc:wchar_t /Zc:forScope /Zc:inline /GR /std:c++14 /Fo"MyGame.dir\Debug\\" /Fd"MyGame.dir\Debug\vc143.pdb" /external:W3 /Gd /TP /analyze- /errorReport:prompt H:\CMakeProjects\SimpleRenderEngineProject\Exercise4\ExampleGame\Game\ComponentController.cpp
  ComponentController.cpp
H:\CMakeProjects\SimpleRenderEngineProject\submodules\SimpleRenderEngine\include\sre/Camera.hpp(114,19): warning C4251: 'sre::Camera::viewTransform': struct 'glm::mat<4,4,float,glm::packed_highp>' needs to have dll-interface to be used by clients of class 'sre::Camera'
H:\CMakeProjects\SimpleRenderEngineProject\submodules\SimpleRenderEngine\submodules\glm\glm\detail/type_mat.hpp(303,10): message : see declaration of 'glm::mat<4,4,float,glm::packed_highp>'
H:\CMakeProjects\SimpleRenderEngineProject\submodules\SimpleRenderEngine\include\sre/Camera.hpp(116,19): warning C4251: 'sre::Camera::viewportOffset': struct 'glm::vec<2,float,glm::packed_highp>' needs to have dll-interface to be used by clients of class 'sre::Camera'
H:\CMakeProjects\SimpleRenderEngineProject\submodules\SimpleRenderEngine\submodules\glm\glm\detail/type_vec.hpp(119,10): message : see declaration of 'glm::vec<2,float,glm::packed_highp>'
H:\CMakeProjects\SimpleRenderEngineProject\submodules\SimpleRenderEngine\include\sre/Camera.hpp(117,19): warning C4251: 'sre::Camera::viewportSize': struct 'glm::vec<2,float,glm::packed_highp>' needs to have dll-interface to be used by clients of class 'sre::Camera'
H:\CMakeProjects\SimpleRenderEngineProject\submodules\SimpleRenderEngine\submodules\glm\glm\detail/type_vec.hpp(119,10): message : see declaration of 'glm::vec<2,float,glm::packed_highp>'
H:\CMakeProjects\SimpleRenderEngineProject\submodules\SimpleRenderEngine\include\sre/Light.hpp(46,19): warning C4251: 'sre::Light::position': struct 'glm::vec<3,float,glm::packed_highp>' needs to have dll-interface to be used by clients of class 'sre::Light'
H:\CMakeProjects\SimpleRenderEngineProject\submodules\SimpleRenderEngine\submodules\glm\glm\detail/type_vec.hpp(229,10): message : see declaration of 'glm::vec<3,float,glm::packed_highp>'
H:\CMakeProjects\SimpleRenderEngineProject\submodules\SimpleRenderEngine\include\sre/Light.hpp(49,19): warning C4251: 'sre::Light::direction': struct 'glm::vec<3,float,glm::packed_highp>' needs to have dll-interface to be used by clients of class 'sre::Light'
H:\CMakeProjects\SimpleRenderEngineProject\submodules\SimpleRenderEngine\submodules\glm\glm\detail/type_vec.hpp(229,10): message : see declaration of 'glm::vec<3,float,glm::packed_highp>'
H:\CMakeProjects\SimpleRenderEngineProject\submodules\SimpleRenderEngine\include\sre/Light.hpp(52,19): warning C4251: 'sre::Light::color': struct 'glm::vec<3,float,glm::packed_highp>' needs to have dll-interface to be used by clients of class 'sre::Light'
H:\CMakeProjects\SimpleRenderEngineProject\submodules\SimpleRenderEngine\submodules\glm\glm\detail/type_vec.hpp(229,10): message : see declaration of 'glm::vec<3,float,glm::packed_highp>'
H:\CMakeProjects\SimpleRenderEngineProject\submodules\SimpleRenderEngine\include\sre/WorldLights.hpp(27,19): warning C4251: 'sre::WorldLights::ambientLight': struct 'glm::vec<4,float,glm::packed_highp>' needs to have dll-interface to be used by clients of class 'sre::WorldLights'
H:\CMakeProjects\SimpleRenderEngineProject\submodules\SimpleRenderEngine\submodules\glm\glm\detail/type_vec.hpp(335,10): message : see declaration of 'glm::vec<4,float,glm::packed_highp>'
H:\CMakeProjects\SimpleRenderEngineProject\submodules\SimpleRenderEngine\include\sre/WorldLights.hpp(28,28): warning C4251: 'sre::WorldLights::lights': class 'std::vector<sre::Light,std::allocator<sre::Light>>' needs to have dll-interface to be used by clients of class 'sre::WorldLights'
H:\CMakeProjects\SimpleRenderEngineProject\submodules\SimpleRenderEngine\include\sre/WorldLights.hpp(28,14): message : see declaration of 'std::vector<sre::Light,std::allocator<sre::Light>>'
H:\CMakeProjects\SimpleRenderEngineProject\submodules\SimpleRenderEngine\include\sre\Shader.hpp(65,15): warning C4251: 'sre::Uniform::name': class 'std::basic_string<char,std::char_traits<char>,std::allocator<char>>' needs to have dll-interface to be used by clients of struct 'sre::Uniform'
F:\Visual Studio\2022\Community\VC\Tools\MSVC\14.37.32822\include\xstring(5119,29): message : see declaration of 'std::basic_string<char,std::char_traits<char>,std::allocator<char>>'
H:\CMakeProjects\SimpleRenderEngineProject\submodules\SimpleRenderEngine\include\sre\Shader.hpp(150,74): warning C4251: 'std::enable_shared_from_this<sre::Shader>::_Wptr': class 'std::weak_ptr<_Ty>' needs to have dll-interface to be used by clients of class 'std::enable_shared_from_this<sre::Shader>'
          with
          [
              _Ty=sre::Shader
          ]
F:\Visual Studio\2022\Community\VC\Tools\MSVC\14.37.32822\include\memory(3143,16): message : see declaration of 'std::weak_ptr<_Ty>'
          with
          [
              _Ty=sre::Shader
          ]
H:\CMakeProjects\SimpleRenderEngineProject\submodules\SimpleRenderEngine\include\sre\Shader.hpp(173,47): warning C4251: 'sre::Shader::ShaderBuilder::shaderSources': class 'std::map<sre::ShaderType,std::string,std::less<sre::ShaderType>,std::allocator<std::pair<const sre::ShaderType,std::string>>>' needs to have dll-interface to be used by clients of class 'sre::Shader::ShaderBuilder'
H:\CMakeProjects\SimpleRenderEngineProject\submodules\SimpleRenderEngine\include\sre\Shader.hpp(173,18): message : see declaration of 'std::map<sre::ShaderType,std::string,std::less<sre::ShaderType>,std::allocator<std::pair<const sre::ShaderType,std::string>>>'
H:\CMakeProjects\SimpleRenderEngineProject\submodules\SimpleRenderEngine\include\sre\Shader.hpp(174,47): warning C4251: 'sre::Shader::ShaderBuilder::specializationConstants': class 'std::map<std::string,std::string,std::less<std::string>,std::allocator<std::pair<const std::string,std::string>>>' needs to have dll-interface to be used by clients of class 'sre::Shader::ShaderBuilder'
H:\CMakeProjects\SimpleRenderEngineProject\submodules\SimpleRenderEngine\include\sre\Shader.hpp(174,18): message : see declaration of 'std::map<std::string,std::string,std::less<std::string>,std::allocator<std::pair<const std::string,std::string>>>'
H:\CMakeProjects\SimpleRenderEngineProject\submodules\SimpleRenderEngine\include\sre\Shader.hpp(177,24): warning C4251: 'sre::Shader::ShaderBuilder::colorWrite': struct 'glm::vec<4,bool,glm::packed_highp>' needs to have dll-interface to be used by clients of class 'sre::Shader::ShaderBuilder'
H:\CMakeProjects\SimpleRenderEngineProject\submodules\SimpleRenderEngine\submodules\glm\glm\detail/type_vec.hpp(407,10): message : see declaration of 'glm::vec<4,bool,glm::packed_highp>'
H:\CMakeProjects\SimpleRenderEngineProject\submodules\SimpleRenderEngine\include\sre\Shader.hpp(178,23): warning C4251: 'sre::Shader::ShaderBuilder::offset': struct 'glm::vec<2,float,glm::packed_highp>' needs to have dll-interface to be used by clients of class 'sre::Shader::ShaderBuilder'
H:\CMakeProjects\SimpleRenderEngineProject\submodules\SimpleRenderEngine\submodules\glm\glm\detail/type_vec.hpp(119,10): message : see declaration of 'glm::vec<2,float,glm::packed_highp>'
H:\CMakeProjects\SimpleRenderEngineProject\submodules\SimpleRenderEngine\include\sre\Shader.hpp(180,25): warning C4251: 'sre::Shader::ShaderBuilder::name': class 'std::basic_string<char,std::char_traits<char>,std::allocator<char>>' needs to have dll-interface to be used by clients of class 'sre::Shader::ShaderBuilder'
F:\Visual Studio\2022\Community\VC\Tools\MSVC\14.37.32822\include\xstring(5119,29): message : see declaration of 'std::basic_string<char,std::char_traits<char>,std::allocator<char>>'
H:\CMakeProjects\SimpleRenderEngineProject\submodules\SimpleRenderEngine\include\sre\Shader.hpp(329,43): warning C4251: 'sre::Shader::specializationConstants': class 'std::map<std::string,std::string,std::less<std::string>,std::allocator<std::pair<const std::string,std::string>>>' needs to have dll-interface to be used by clients of class 'sre::Shader'
H:\CMakeProjects\SimpleRenderEngineProject\submodules\SimpleRenderEngine\include\sre\Shader.hpp(174,18): message : see declaration of 'std::map<std::string,std::string,std::less<std::string>,std::allocator<std::pair<const std::string,std::string>>>'
H:\CMakeProjects\SimpleRenderEngineProject\submodules\SimpleRenderEngine\include\sre\Shader.hpp(331,33): warning C4251: 'sre::Shader::parent': class 'std::shared_ptr<_Ty>' needs to have dll-interface to be used by clients of class 'sre::Shader'
          with
          [
              _Ty=sre::Shader
          ]
F:\Visual Studio\2022\Community\VC\Tools\MSVC\14.37.32822\include\memory(3135,16): message : see declaration of 'std::shared_ptr<_Ty>'
          with
          [
              _Ty=sre::Shader
          ]
H:\CMakeProjects\SimpleRenderEngineProject\submodules\SimpleRenderEngine\include\sre\Shader.hpp(332,44): warning C4251: 'sre::Shader::specializations': class 'std::vector<std::weak_ptr<_Ty>,std::allocator<std::weak_ptr<_Ty>>>' needs to have dll-interface to be used by clients of class 'sre::Shader'
          with
          [
              _Ty=sre::Shader
          ]
H:\CMakeProjects\SimpleRenderEngineProject\submodules\SimpleRenderEngine\include\sre\Shader.hpp(332,14): message : see declaration of 'std::vector<std::weak_ptr<_Ty>,std::allocator<std::weak_ptr<_Ty>>>'
          with
          [
              _Ty=sre::Shader
          ]
H:\CMakeProjects\SimpleRenderEngineProject\submodules\SimpleRenderEngine\include\sre\Shader.hpp(343,20): warning C4251: 'sre::Shader::colorWrite': struct 'glm::vec<4,bool,glm::packed_highp>' needs to have dll-interface to be used by clients of class 'sre::Shader'
H:\CMakeProjects\SimpleRenderEngineProject\submodules\SimpleRenderEngine\submodules\glm\glm\detail/type_vec.hpp(407,10): message : see declaration of 'glm::vec<4,bool,glm::packed_highp>'
H:\CMakeProjects\SimpleRenderEngineProject\submodules\SimpleRenderEngine\include\sre\Shader.hpp(344,21): warning C4251: 'sre::Shader::name': class 'std::basic_string<char,std::char_traits<char>,std::allocator<char>>' needs to have dll-interface to be used by clients of class 'sre::Shader'
F:\Visual Studio\2022\Community\VC\Tools\MSVC\14.37.32822\include\xstring(5119,29): message : see declaration of 'std::basic_string<char,std::char_traits<char>,std::allocator<char>>'
H:\CMakeProjects\SimpleRenderEngineProject\submodules\SimpleRenderEngine\include\sre\Shader.hpp(346,19): warning C4251: 'sre::Shader::offset': struct 'glm::vec<2,float,glm::packed_highp>' needs to have dll-interface to be used by clients of class 'sre::Shader'
H:\CMakeProjects\SimpleRenderEngineProject\submodules\SimpleRenderEngine\submodules\glm\glm\detail/type_vec.hpp(119,10): message : see declaration of 'glm::vec<2,float,glm::packed_highp>'
H:\CMakeProjects\SimpleRenderEngineProject\submodules\SimpleRenderEngine\include\sre\Shader.hpp(349,43): warning C4251: 'sre::Shader::shaderSources': class 'std::map<sre::ShaderType,std::string,std::less<sre::ShaderType>,std::allocator<std::pair<const sre::ShaderType,std::string>>>' needs to have dll-interface to be used by clients of class 'sre::Shader'
H:\CMakeProjects\SimpleRenderEngineProject\submodules\SimpleRenderEngine\include\sre\Shader.hpp(173,18): message : see declaration of 'std::map<sre::ShaderType,std::string,std::less<sre::ShaderType>,std::allocator<std::pair<const sre::ShaderType,std::string>>>'
H:\CMakeProjects\SimpleRenderEngineProject\submodules\SimpleRenderEngine\include\sre\Shader.hpp(351,47): warning C4251: 'sre::Shader::uniforms': class 'std::shared_ptr<std::vector<sre::Uniform,std::allocator<sre::Uniform>>>' needs to have dll-interface to be used by clients of class 'sre::Shader'
H:\CMakeProjects\SimpleRenderEngineProject\submodules\SimpleRenderEngine\include\sre\Shader.hpp(351,14): message : see declaration of 'std::shared_ptr<std::vector<sre::Uniform,std::allocator<sre::Uniform>>>'
H:\CMakeProjects\SimpleRenderEngineProject\submodules\SimpleRenderEngine\include\sre\Shader.hpp(359,48): warning C4251: 'sre::Shader::attributes': class 'std::map<std::string,sre::Shader::ShaderAttribute,std::less<std::string>,std::allocator<std::pair<const std::string,sre::Shader::ShaderAttribute>>>' needs to have dll-interface to be used by clients of class 'sre::Shader'
H:\CMakeProjects\SimpleRenderEngineProject\submodules\SimpleRenderEngine\include\sre\Shader.hpp(359,14): message : see declaration of 'std::map<std::string,sre::Shader::ShaderAttribute,std::less<std::string>,std::allocator<std::pair<const std::string,sre::Shader::ShaderAttribute>>>'
H:\CMakeProjects\SimpleRenderEngineProject\submodules\SimpleRenderEngine\include\sre/Mesh.hpp(43,70): warning C4251: 'std::enable_shared_from_this<sre::Mesh>::_Wptr': class 'std::weak_ptr<_Ty>' needs to have dll-interface to be used by clients of class 'std::enable_shared_from_this<sre::Mesh>'
          with
          [
              _Ty=sre::Mesh
          ]
F:\Visual Studio\2022\Community\VC\Tools\MSVC\14.37.32822\include\memory(3143,16): message : see declaration of 'std::weak_ptr<_Ty>'
          with
          [
              _Ty=sre::Mesh
          ]
H:\CMakeProjects\SimpleRenderEngineProject\submodules\SimpleRenderEngine\include\sre/Mesh.hpp(83,54): warning C4251: 'sre::Mesh::MeshBuilder::attributesFloat': class 'std::map<std::string,std::vector<float,std::allocator<float>>,std::less<std::string>,std::allocator<std::pair<const std::string,std::vector<float,std::allocator<float>>>>>' needs to have dll-interface to be used by clients of class 'sre::Mesh::MeshBuilder'
H:\CMakeProjects\SimpleRenderEngineProject\submodules\SimpleRenderEngine\include\sre/Mesh.hpp(83,18): message : see declaration of 'std::map<std::string,std::vector<float,std::allocator<float>>,std::less<std::string>,std::allocator<std::pair<const std::string,std::vector<float,std::allocator<float>>>>>'
H:\CMakeProjects\SimpleRenderEngineProject\submodules\SimpleRenderEngine\include\sre/Mesh.hpp(84,58): warning C4251: 'sre::Mesh::MeshBuilder::attributesVec2': class 'std::map<std::string,std::vector<glm::vec2,std::allocator<glm::vec2>>,std::less<std::string>,std::allocator<std::pair<const std::string,std::vector<glm::vec2,std::allocator<glm::vec2>>>>>' needs to have dll-interface to be used by clients of class 'sre::Mesh::MeshBuilder'
H:\CMakeProjects\SimpleRenderEngineProject\submodules\SimpleRenderEngine\include\sre/Mesh.hpp(84,18): message : see declaration of 'std::map<std::string,std::vector<glm::vec2,std::allocator<glm::vec2>>,std::less<std::string>,std::allocator<std::pair<const std::string,std::vector<glm::vec2,std::allocator<glm::vec2>>>>>'
H:\CMakeProjects\SimpleRenderEngineProject\submodules\SimpleRenderEngine\include\sre/Mesh.hpp(85,58): warning C4251: 'sre::Mesh::MeshBuilder::attributesVec3': class 'std::map<std::string,std::vector<glm::vec3,std::allocator<glm::vec3>>,std::less<std::string>,std::allocator<std::pair<const std::string,std::vector<glm::vec3,std::allocator<glm::vec3>>>>>' needs to have dll-interface to be used by clients of class 'sre::Mesh::MeshBuilder'
H:\CMakeProjects\SimpleRenderEngineProject\submodules\SimpleRenderEngine\include\sre/Mesh.hpp(85,18): message : see declaration of 'std::map<std::string,std::vector<glm::vec3,std::allocator<glm::vec3>>,std::less<std::string>,std::allocator<std::pair<const std::string,std::vector<glm::vec3,std::allocator<glm::vec3>>>>>'
H:\CMakeProjects\SimpleRenderEngineProject\submodules\SimpleRenderEngine\include\sre/Mesh.hpp(86,58): warning C4251: 'sre::Mesh::MeshBuilder::attributesVec4': class 'std::map<std::string,std::vector<glm::vec4,std::allocator<glm::vec4>>,std::less<std::string>,std::allocator<std::pair<const std::string,std::vector<glm::vec4,std::allocator<glm::vec4>>>>>' needs to have dll-interface to be used by clients of class 'sre::Mesh::MeshBuilder'
H:\CMakeProjects\SimpleRenderEngineProject\submodules\SimpleRenderEngine\include\sre/Mesh.hpp(86,18): message : see declaration of 'std::map<std::string,std::vector<glm::vec4,std::allocator<glm::vec4>>,std::less<std::string>,std::allocator<std::pair<const std::string,std::vector<glm::vec4,std::allocator<glm::vec4>>>>>'
H:\CMakeProjects\SimpleRenderEngineProject\submodules\SimpleRenderEngine\include\sre/Mesh.hpp(87,61): warning C4251: 'sre::Mesh::MeshBuilder::attributesIVec4': class 'std::map<std::string,std::vector<glm::i32vec4,std::allocator<glm::i32vec4>>,std::less<std::string>,std::allocator<std::pair<const std::string,std::vector<glm::i32vec4,std::allocator<glm::i32vec4>>>>>' needs to have dll-interface to be used by clients of class 'sre::Mesh::MeshBuilder'
H:\CMakeProjects\SimpleRenderEngineProject\submodules\SimpleRenderEngine\include\sre/Mesh.hpp(87,18): message : see declaration of 'std::map<std::string,std::vector<glm::i32vec4,std::allocator<glm::i32vec4>>,std::less<std::string>,std::allocator<std::pair<const std::string,std::vector<glm::i32vec4,std::allocator<glm::i32vec4>>>>>'
H:\CMakeProjects\SimpleRenderEngineProject\submodules\SimpleRenderEngine\include\sre/Mesh.hpp(88,39): warning C4251: 'sre::Mesh::MeshBuilder::meshTopology': class 'std::vector<sre::MeshTopology,std::allocator<sre::MeshTopology>>' needs to have dll-interface to be used by clients of class 'sre::Mesh::MeshBuilder'
H:\CMakeProjects\SimpleRenderEngineProject\submodules\SimpleRenderEngine\include\sre/Mesh.hpp(88,18): message : see declaration of 'std::vector<sre::MeshTopology,std::allocator<sre::MeshTopology>>'
H:\CMakeProjects\SimpleRenderEngineProject\submodules\SimpleRenderEngine\include\sre/Mesh.hpp(89,48): warning C4251: 'sre::Mesh::MeshBuilder::indices': class 'std::vector<std::vector<uint32_t,std::allocator<uint32_t>>,std::allocator<std::vector<uint32_t,std::allocator<uint32_t>>>>' needs to have dll-interface to be used by clients of class 'sre::Mesh::MeshBuilder'
H:\CMakeProjects\SimpleRenderEngineProject\submodules\SimpleRenderEngine\include\sre/Mesh.hpp(89,18): message : see declaration of 'std::vector<std::vector<uint32_t,std::allocator<uint32_t>>,std::allocator<std::vector<uint32_t,std::allocator<uint32_t>>>>'
H:\CMakeProjects\SimpleRenderEngineProject\submodules\SimpleRenderEngine\include\sre/Mesh.hpp(93,25): warning C4251: 'sre::Mesh::MeshBuilder::name': class 'std::basic_string<char,std::char_traits<char>,std::allocator<char>>' needs to have dll-interface to be used by clients of class 'sre::Mesh::MeshBuilder'
F:\Visual Studio\2022\Community\VC\Tools\MSVC\14.37.32822\include\xstring(5119,29): message : see declaration of 'std::basic_string<char,std::char_traits<char>,std::allocator<char>>'
H:\CMakeProjects\SimpleRenderEngineProject\submodules\SimpleRenderEngine\include\sre/Mesh.hpp(154,35): warning C4251: 'sre::Mesh::meshTopology': class 'std::vector<sre::MeshTopology,std::allocator<sre::MeshTopology>>' needs to have dll-interface to be used by clients of class 'sre::Mesh'
H:\CMakeProjects\SimpleRenderEngineProject\submodules\SimpleRenderEngine\include\sre/Mesh.hpp(88,18): message : see declaration of 'std::vector<sre::MeshTopology,std::allocator<sre::MeshTopology>>'
H:\CMakeProjects\SimpleRenderEngineProject\submodules\SimpleRenderEngine\include\sre/Mesh.hpp(160,44): warning C4251: 'sre::Mesh::shaderToVertexArrayObject': class 'std::map<unsigned int,sre::Mesh::VAOBinding,std::less<unsigned int>,std::allocator<std::pair<const unsigned int,sre::Mesh::VAOBinding>>>' needs to have dll-interface to be used by clients of class 'sre::Mesh'
H:\CMakeProjects\SimpleRenderEngineProject\submodules\SimpleRenderEngine\include\sre/Mesh.hpp(160,14): message : see declaration of 'std::map<unsigned int,sre::Mesh::VAOBinding,std::less<unsigned int>,std::allocator<std::pair<const unsigned int,sre::Mesh::VAOBinding>>>'
H:\CMakeProjects\SimpleRenderEngineProject\submodules\SimpleRenderEngine\include\sre/Mesh.hpp(162,40): warning C4251: 'sre::Mesh::elementBufferOffsetCount': class 'std::vector<sre::Mesh::ElementBufferData,std::allocator<sre::Mesh::ElementBufferData>>' needs to have dll-interface to be used by clients of class 'sre::Mesh'
H:\CMakeProjects\SimpleRenderEngineProject\submodules\SimpleRenderEngine\include\sre/Mesh.hpp(162,14): message : see declaration of 'std::vector<sre::Mesh::ElementBufferData,std::allocator<sre::Mesh::ElementBufferData>>'
H:\CMakeProjects\SimpleRenderEngineProject\submodules\SimpleRenderEngine\include\sre/Mesh.hpp(165,21): warning C4251: 'sre::Mesh::name': class 'std::basic_string<char,std::char_traits<char>,std::allocator<char>>' needs to have dll-interface to be used by clients of class 'sre::Mesh'
F:\Visual Studio\2022\Community\VC\Tools\MSVC\14.37.32822\include\xstring(5119,29): message : see declaration of 'std::basic_string<char,std::char_traits<char>,std::allocator<char>>'
H:\CMakeProjects\SimpleRenderEngineProject\submodules\SimpleRenderEngine\include\sre/Mesh.hpp(166,41): warning C4251: 'sre::Mesh::attributeByName': class 'std::map<std::string,sre::Mesh::Attribute,std::less<std::string>,std::allocator<std::pair<const std::string,sre::Mesh::Attribute>>>' needs to have dll-interface to be used by clients of class 'sre::Mesh'
H:\CMakeProjects\SimpleRenderEngineProject\submodules\SimpleRenderEngine\include\sre/Mesh.hpp(166,14): message : see declaration of 'std::map<std::string,sre::Mesh::Attribute,std::less<std::string>,std::allocator<std::pair<const std::string,sre::Mesh::Attribute>>>'
H:\CMakeProjects\SimpleRenderEngineProject\submodules\SimpleRenderEngine\include\sre/Mesh.hpp(167,50): warning C4251: 'sre::Mesh::attributesFloat': class 'std::map<std::string,std::vector<float,std::allocator<float>>,std::less<std::string>,std::allocator<std::pair<const std::string,std::vector<float,std::allocator<float>>>>>' needs to have dll-interface to be used by clients of class 'sre::Mesh'
H:\CMakeProjects\SimpleRenderEngineProject\submodules\SimpleRenderEngine\include\sre/Mesh.hpp(83,18): message : see declaration of 'std::map<std::string,std::vector<float,std::allocator<float>>,std::less<std::string>,std::allocator<std::pair<const std::string,std::vector<float,std::allocator<float>>>>>'
H:\CMakeProjects\SimpleRenderEngineProject\submodules\SimpleRenderEngine\include\sre/Mesh.hpp(168,54): warning C4251: 'sre::Mesh::attributesVec2': class 'std::map<std::string,std::vector<glm::vec2,std::allocator<glm::vec2>>,std::less<std::string>,std::allocator<std::pair<const std::string,std::vector<glm::vec2,std::allocator<glm::vec2>>>>>' needs to have dll-interface to be used by clients of class 'sre::Mesh'
H:\CMakeProjects\SimpleRenderEngineProject\submodules\SimpleRenderEngine\include\sre/Mesh.hpp(84,18): message : see declaration of 'std::map<std::string,std::vector<glm::vec2,std::allocator<glm::vec2>>,std::less<std::string>,std::allocator<std::pair<const std::string,std::vector<glm::vec2,std::allocator<glm::vec2>>>>>'
H:\CMakeProjects\SimpleRenderEngineProject\submodules\SimpleRenderEngine\include\sre/Mesh.hpp(169,54): warning C4251: 'sre::Mesh::attributesVec3': class 'std::map<std::string,std::vector<glm::vec3,std::allocator<glm::vec3>>,std::less<std::string>,std::allocator<std::pair<const std::string,std::vector<glm::vec3,std::allocator<glm::vec3>>>>>' needs to have dll-interface to be used by clients of class 'sre::Mesh'
H:\CMakeProjects\SimpleRenderEngineProject\submodules\SimpleRenderEngine\include\sre/Mesh.hpp(85,18): message : see declaration of 'std::map<std::string,std::vector<glm::vec3,std::allocator<glm::vec3>>,std::less<std::string>,std::allocator<std::pair<const std::string,std::vector<glm::vec3,std::allocator<glm::vec3>>>>>'
H:\CMakeProjects\SimpleRenderEngineProject\submodules\SimpleRenderEngine\include\sre/Mesh.hpp(170,54): warning C4251: 'sre::Mesh::attributesVec4': class 'std::map<std::string,std::vector<glm::vec4,std::allocator<glm::vec4>>,std::less<std::string>,std::allocator<std::pair<const std::string,std::vector<glm::vec4,std::allocator<glm::vec4>>>>>' needs to have dll-interface to be used by clients of class 'sre::Mesh'
H:\CMakeProjects\SimpleRenderEngineProject\submodules\SimpleRenderEngine\include\sre/Mesh.hpp(86,18): message : see declaration of 'std::map<std::string,std::vector<glm::vec4,std::allocator<glm::vec4>>,std::less<std::string>,std::allocator<std::pair<const std::string,std::vector<glm::vec4,std::allocator<glm::vec4>>>>>'
H:\CMakeProjects\SimpleRenderEngineProject\submodules\SimpleRenderEngine\include\sre/Mesh.hpp(171,57): warning C4251: 'sre::Mesh::attributesIVec4': class 'std::map<std::string,std::vector<glm::i32vec4,std::allocator<glm::i32vec4>>,std::less<std::string>,std::allocator<std::pair<const std::string,std::vector<glm::i32vec4,std::allocator<glm::i32vec4>>>>>' needs to have dll-interface to be used by clients of class 'sre::Mesh'
H:\CMakeProjects\SimpleRenderEngineProject\submodules\SimpleRenderEngine\include\sre/Mesh.hpp(87,18): message : see declaration of 'std::map<std::string,std::vector<glm::i32vec4,std::allocator<glm::i32vec4>>,std::less<std::string>,std::allocator<std::pair<const std::string,std::vector<glm::i32vec4,std::allocator<glm::i32vec4>>>>>'
H:\CMakeProjects\SimpleRenderEngineProject\submodules\SimpleRenderEngine\include\sre/Mesh.hpp(173,44): warning C4251: 'sre::Mesh::indices': class 'std::vector<std::vector<uint32_t,std::allocator<uint32_t>>,std::allocator<std::vector<uint32_t,std::allocator<uint32_t>>>>' needs to have dll-interface to be used by clients of class 'sre::Mesh'
H:\CMakeProjects\SimpleRenderEngineProject\submodules\SimpleRenderEngine\include\sre/Mesh.hpp(89,18): message : see declaration of 'std::vector<std::vector<uint32_t,std::allocator<uint32_t>>,std::allocator<std::vector<uint32_t,std::allocator<uint32_t>>>>'
H:\CMakeProjects\SimpleRenderEngineProject\submodules\SimpleRenderEngine\include\sre/Texture.hpp(43,72): warning C4251: 'std::enable_shared_from_this<sre::Texture>::_Wptr': class 'std::weak_ptr<_Ty>' needs to have dll-interface to be used by clients of class 'std::enable_shared_from_this<sre::Texture>'
          with
          [
              _Ty=sre::Texture
          ]
F:\Visual Studio\2022\Community\VC\Tools\MSVC\14.37.32822\include\memory(3143,16): message : see declaration of 'std::weak_ptr<_Ty>'
          with
          [
              _Ty=sre::Texture
          ]
H:\CMakeProjects\SimpleRenderEngineProject\submodules\SimpleRenderEngine\include\sre/Texture.hpp(109,21): warning C4251: 'sre::Texture::TextureBuilder::name': class 'std::basic_string<char,std::char_traits<char>,std::allocator<char>>' needs to have dll-interface to be used by clients of class 'sre::Texture::TextureBuilder'
F:\Visual Studio\2022\Community\VC\Tools\MSVC\14.37.32822\include\xstring(5119,29): message : see declaration of 'std::basic_string<char,std::char_traits<char>,std::allocator<char>>'
H:\CMakeProjects\SimpleRenderEngineProject\submodules\SimpleRenderEngine\include\sre/Texture.hpp(119,47): warning C4251: 'sre::Texture::TextureBuilder::textureTypeData': class 'std::map<uint32_t,sre::Texture::TextureBuilder::TextureDefinition,std::less<unsigned int>,std::allocator<std::pair<const uint32_t,sre::Texture::TextureBuilder::TextureDefinition>>>' needs to have dll-interface to be used by clients of class 'sre::Texture::TextureBuilder'
H:\CMakeProjects\SimpleRenderEngineProject\submodules\SimpleRenderEngine\include\sre/Texture.hpp(119,14): message : see declaration of 'std::map<uint32_t,sre::Texture::TextureBuilder::TextureDefinition,std::less<unsigned int>,std::allocator<std::pair<const uint32_t,sre::Texture::TextureBuilder::TextureDefinition>>>'
H:\CMakeProjects\SimpleRenderEngineProject\submodules\SimpleRenderEngine\include\sre/Texture.hpp(163,17): warning C4251: 'sre::Texture::name': class 'std::basic_string<char,std::char_traits<char>,std::allocator<char>>' needs to have dll-interface to be used by clients of class 'sre::Texture'
F:\Visual Studio\2022\Community\VC\Tools\MSVC\14.37.32822\include\xstring(5119,29): message : see declaration of 'std::basic_string<char,std::char_traits<char>,std::allocator<char>>'
H:\CMakeProjects\SimpleRenderEngineProject\submodules\SimpleRenderEngine\include\sre/Material.hpp(94,47): warning C4251: 'sre::Material::uniforms': class 'std::shared_ptr<std::vector<sre::Uniform,std::allocator<sre::Uniform>>>' needs to have dll-interface to be used by clients of class 'sre::Material'
H:\CMakeProjects\SimpleRenderEngineProject\submodules\SimpleRenderEngine\include\sre\Shader.hpp(351,14): message : see declaration of 'std::shared_ptr<std::vector<sre::Uniform,std::allocator<sre::Uniform>>>'
H:\CMakeProjects\SimpleRenderEngineProject\submodules\SimpleRenderEngine\include\sre/Material.hpp(95,21): warning C4251: 'sre::Material::name': class 'std::basic_string<char,std::char_traits<char>,std::allocator<char>>' needs to have dll-interface to be used by clients of class 'sre::Material'
F:\Visual Studio\2022\Community\VC\Tools\MSVC\14.37.32822\include\xstring(5119,29): message : see declaration of 'std::basic_string<char,std::char_traits<char>,std::allocator<char>>'
H:\CMakeProjects\SimpleRenderEngineProject\submodules\SimpleRenderEngine\include\sre/Material.hpp(96,38): warning C4251: 'sre::Material::shader': class 'std::shared_ptr<_Ty>' needs to have dll-interface to be used by clients of class 'sre::Material'
          with
          [
              _Ty=sre::Shader
          ]
F:\Visual Studio\2022\Community\VC\Tools\MSVC\14.37.32822\include\memory(3135,16): message : see declaration of 'std::shared_ptr<_Ty>'
          with
          [
              _Ty=sre::Shader
          ]
H:\CMakeProjects\SimpleRenderEngineProject\submodules\SimpleRenderEngine\include\sre/Material.hpp(98,20): warning C4251: 'sre::Material::uniformMap': class 'sre::UniformSet' needs to have dll-interface to be used by clients of class 'sre::Material'
H:\CMakeProjects\SimpleRenderEngineProject\submodules\SimpleRenderEngine\include\sre/impl/UniformSet.hpp(17,11): message : see declaration of 'sre::UniformSet'
H:\CMakeProjects\SimpleRenderEngineProject\submodules\SimpleRenderEngine\include\sre/RenderPass.hpp(27,22): warning C4099: 'sre::RenderStats': type name first seen using 'struct' now seen using 'class'
H:\CMakeProjects\SimpleRenderEngineProject\submodules\SimpleRenderEngine\include\sre\RenderStats.hpp(14,22): message : see declaration of 'sre::RenderStats'
H:\CMakeProjects\SimpleRenderEngineProject\submodules\SimpleRenderEngine\include\sre/RenderPass.hpp(62,25): warning C4251: 'sre::RenderPass::RenderPassBuilder::name': class 'std::basic_string<char,std::char_traits<char>,std::allocator<char>>' needs to have dll-interface to be used by clients of class 'sre::RenderPass::RenderPassBuilder'
F:\Visual Studio\2022\Community\VC\Tools\MSVC\14.37.32822\include\xstring(5119,29): message : see declaration of 'std::basic_string<char,std::char_traits<char>,std::allocator<char>>'
H:\CMakeProjects\SimpleRenderEngineProject\submodules\SimpleRenderEngine\include\sre/RenderPass.hpp(63,42): warning C4251: 'sre::RenderPass::RenderPassBuilder::framebuffer': class 'std::shared_ptr<sre::Framebuffer>' needs to have dll-interface to be used by clients of class 'sre::RenderPass::RenderPassBuilder'
H:\CMakeProjects\SimpleRenderEngineProject\submodules\SimpleRenderEngine\include\sre/Framebuffer.hpp(36,18): message : see declaration of 'std::shared_ptr<sre::Framebuffer>'
H:\CMakeProjects\SimpleRenderEngineProject\submodules\SimpleRenderEngine\include\sre/RenderPass.hpp(69,23): warning C4251: 'sre::RenderPass::RenderPassBuilder::clearColorValue': struct 'glm::vec<4,float,glm::packed_highp>' needs to have dll-interface to be used by clients of class 'sre::RenderPass::RenderPassBuilder'
H:\CMakeProjects\SimpleRenderEngineProject\submodules\SimpleRenderEngine\submodules\glm\glm\detail/type_vec.hpp(335,10): message : see declaration of 'glm::vec<4,float,glm::packed_highp>'
H:\CMakeProjects\SimpleRenderEngineProject\submodules\SimpleRenderEngine\include\sre/RenderPass.hpp(74,37): warning C4251: 'sre::RenderPass::RenderPassBuilder::skybox': class 'std::shared_ptr<sre::Skybox>' needs to have dll-interface to be used by clients of class 'sre::RenderPass::RenderPassBuilder'
H:\CMakeProjects\SimpleRenderEngineProject\submodules\SimpleRenderEngine\include\sre\Skybox.hpp(16,21): message : see declaration of 'std::shared_ptr<sre::Skybox>'
H:\CMakeProjects\SimpleRenderEngineProject\submodules\SimpleRenderEngine\include\sre/RenderPass.hpp(150,37): warning C4251: 'sre::RenderPass::renderQueue': class 'std::vector<sre::RenderPass::RenderQueueObj,std::allocator<sre::RenderPass::RenderQueueObj>>' needs to have dll-interface to be used by clients of class 'sre::RenderPass'
H:\CMakeProjects\SimpleRenderEngineProject\submodules\SimpleRenderEngine\include\sre/RenderPass.hpp(150,14): message : see declaration of 'std::vector<sre::RenderPass::RenderQueueObj,std::allocator<sre::RenderPass::RenderQueueObj>>'
H:\CMakeProjects\SimpleRenderEngineProject\submodules\SimpleRenderEngine\include\sre/RenderPass.hpp(166,19): warning C4251: 'sre::RenderPass::projection': struct 'glm::mat<4,4,float,glm::packed_highp>' needs to have dll-interface to be used by clients of class 'sre::RenderPass'
H:\CMakeProjects\SimpleRenderEngineProject\submodules\SimpleRenderEngine\submodules\glm\glm\detail/type_mat.hpp(303,10): message : see declaration of 'glm::mat<4,4,float,glm::packed_highp>'
H:\CMakeProjects\SimpleRenderEngineProject\submodules\SimpleRenderEngine\include\sre/RenderPass.hpp(167,20): warning C4251: 'sre::RenderPass::viewportOffset': struct 'glm::vec<2,glm::uint,glm::packed_highp>' needs to have dll-interface to be used by clients of class 'sre::RenderPass'
H:\CMakeProjects\SimpleRenderEngineProject\submodules\SimpleRenderEngine\submodules\glm\glm\detail/type_vec.hpp(182,10): message : see declaration of 'glm::vec<2,glm::uint,glm::packed_highp>'
H:\CMakeProjects\SimpleRenderEngineProject\submodules\SimpleRenderEngine\include\sre/RenderPass.hpp(168,20): warning C4251: 'sre::RenderPass::viewportSize': struct 'glm::vec<2,glm::uint,glm::packed_highp>' needs to have dll-interface to be used by clients of class 'sre::RenderPass'
H:\CMakeProjects\SimpleRenderEngineProject\submodules\SimpleRenderEngine\submodules\glm\glm\detail/type_vec.hpp(182,10): message : see declaration of 'glm::vec<2,glm::uint,glm::packed_highp>'
H:\CMakeProjects\SimpleRenderEngineProject\thirdparty\Win\SDL2-2.0.9\include\SDL_surface.h(70,1): warning C4099: 'SDL_Surface': type name first seen using 'class' now seen using 'struct'
H:\CMakeProjects\SimpleRenderEngineProject\thirdparty\Win\SDL2-2.0.9\include\SDL_surface.h(69,16): message : see declaration of 'SDL_Surface'
H:\CMakeProjects\SimpleRenderEngineProject\submodules\SimpleRenderEngine\include\sre/Renderer.hpp(101,35): warning C4251: 'sre::Renderer::framebufferObjects': class 'std::vector<sre::Framebuffer *,std::allocator<sre::Framebuffer *>>' needs to have dll-interface to be used by clients of class 'sre::Renderer'
H:\CMakeProjects\SimpleRenderEngineProject\submodules\SimpleRenderEngine\include\sre/Renderer.hpp(101,14): message : see declaration of 'std::vector<sre::Framebuffer *,std::allocator<sre::Framebuffer *>>'
H:\CMakeProjects\SimpleRenderEngineProject\submodules\SimpleRenderEngine\include\sre/Renderer.hpp(102,28): warning C4251: 'sre::Renderer::meshes': class 'std::vector<sre::Mesh *,std::allocator<sre::Mesh *>>' needs to have dll-interface to be used by clients of class 'sre::Renderer'
H:\CMakeProjects\SimpleRenderEngineProject\submodules\SimpleRenderEngine\include\sre/Renderer.hpp(102,14): message : see declaration of 'std::vector<sre::Mesh *,std::allocator<sre::Mesh *>>'
H:\CMakeProjects\SimpleRenderEngineProject\submodules\SimpleRenderEngine\include\sre/Renderer.hpp(103,30): warning C4251: 'sre::Renderer::shaders': class 'std::vector<sre::Shader *,std::allocator<sre::Shader *>>' needs to have dll-interface to be used by clients of class 'sre::Renderer'
H:\CMakeProjects\SimpleRenderEngineProject\submodules\SimpleRenderEngine\include\sre/Renderer.hpp(103,14): message : see declaration of 'std::vector<sre::Shader *,std::allocator<sre::Shader *>>'
H:\CMakeProjects\SimpleRenderEngineProject\submodules\SimpleRenderEngine\include\sre/Renderer.hpp(104,31): warning C4251: 'sre::Renderer::textures': class 'std::vector<sre::Texture *,std::allocator<sre::Texture *>>' needs to have dll-interface to be used by clients of class 'sre::Renderer'
H:\CMakeProjects\SimpleRenderEngineProject\submodules\SimpleRenderEngine\include\sre/Renderer.hpp(104,14): message : see declaration of 'std::vector<sre::Texture *,std::allocator<sre::Texture *>>'
H:\CMakeProjects\SimpleRenderEngineProject\submodules\SimpleRenderEngine\include\sre/Renderer.hpp(105,35): warning C4251: 'sre::Renderer::spriteAtlases': class 'std::vector<sre::SpriteAtlas *,std::allocator<sre::SpriteAtlas *>>' needs to have dll-interface to be used by clients of class 'sre::Renderer'
H:\CMakeProjects\SimpleRenderEngineProject\submodules\SimpleRenderEngine\include\sre/Renderer.hpp(105,14): message : see declaration of 'std::vector<sre::SpriteAtlas *,std::allocator<sre::SpriteAtlas *>>'
H:\CMakeProjects\SimpleRenderEngineProject\submodules\SimpleRenderEngine\include\sre/SDLRenderer.hpp(65,45): warning C4251: 'sre::SDLRenderer::frameUpdate': class 'std::function<void (float)>' needs to have dll-interface to be used by clients of class 'sre::SDLRenderer'
H:\CMakeProjects\SimpleRenderEngineProject\submodules\SimpleRenderEngine\include\sre/SDLRenderer.hpp(65,10): message : see declaration of 'std::function<void (float)>'
H:\CMakeProjects\SimpleRenderEngineProject\submodules\SimpleRenderEngine\include\sre/SDLRenderer.hpp(66,27): warning C4251: 'sre::SDLRenderer::frameRender': class 'std::function<void (void)>' needs to have dll-interface to be used by clients of class 'sre::SDLRenderer'
H:\CMakeProjects\SimpleRenderEngineProject\submodules\SimpleRenderEngine\include\sre/SDLRenderer.hpp(66,10): message : see declaration of 'std::function<void (void)>'
H:\CMakeProjects\SimpleRenderEngineProject\submodules\SimpleRenderEngine\include\sre/SDLRenderer.hpp(67,39): warning C4251: 'sre::SDLRenderer::keyEvent': class 'std::function<void (SDL_Event &)>' needs to have dll-interface to be used by clients of class 'sre::SDLRenderer'
H:\CMakeProjects\SimpleRenderEngineProject\submodules\SimpleRenderEngine\include\sre/SDLRenderer.hpp(67,10): message : see declaration of 'std::function<void (SDL_Event &)>'
H:\CMakeProjects\SimpleRenderEngineProject\submodules\SimpleRenderEngine\include\sre/SDLRenderer.hpp(68,39): warning C4251: 'sre::SDLRenderer::mouseEvent': class 'std::function<void (SDL_Event &)>' needs to have dll-interface to be used by clients of class 'sre::SDLRenderer'
H:\CMakeProjects\SimpleRenderEngineProject\submodules\SimpleRenderEngine\include\sre/SDLRenderer.hpp(67,10): message : see declaration of 'std::function<void (SDL_Event &)>'
H:\CMakeProjects\SimpleRenderEngineProject\submodules\SimpleRenderEngine\include\sre/SDLRenderer.hpp(69,39): warning C4251: 'sre::SDLRenderer::controllerEvent': class 'std::function<void (SDL_Event &)>' needs to have dll-interface to be used by clients of class 'sre::SDLRenderer'
H:\CMakeProjects\SimpleRenderEngineProject\submodules\SimpleRenderEngine\include\sre/SDLRenderer.hpp(67,10): message : see declaration of 'std::function<void (SDL_Event &)>'
H:\CMakeProjects\SimpleRenderEngineProject\submodules\SimpleRenderEngine\include\sre/SDLRenderer.hpp(71,39): warning C4251: 'sre::SDLRenderer::joystickEvent': class 'std::function<void (SDL_Event &)>' needs to have dll-interface to be used by clients of class 'sre::SDLRenderer'
H:\CMakeProjects\SimpleRenderEngineProject\submodules\SimpleRenderEngine\include\sre/SDLRenderer.hpp(67,10): message : see declaration of 'std::function<void (SDL_Event &)>'
H:\CMakeProjects\SimpleRenderEngineProject\submodules\SimpleRenderEngine\include\sre/SDLRenderer.hpp(73,39): warning C4251: 'sre::SDLRenderer::touchEvent': class 'std::function<void (SDL_Event &)>' needs to have dll-interface to be used by clients of class 'sre::SDLRenderer'
H:\CMakeProjects\SimpleRenderEngineProject\submodules\SimpleRenderEngine\include\sre/SDLRenderer.hpp(67,10): message : see declaration of 'std::function<void (SDL_Event &)>'
H:\CMakeProjects\SimpleRenderEngineProject\submodules\SimpleRenderEngine\include\sre/SDLRenderer.hpp(74,39): warning C4251: 'sre::SDLRenderer::otherEvent': class 'std::function<void (SDL_Event &)>' needs to have dll-interface to be used by clients of class 'sre::SDLRenderer'
H:\CMakeProjects\SimpleRenderEngineProject\submodules\SimpleRenderEngine\include\sre/SDLRenderer.hpp(67,10): message : see declaration of 'std::function<void (SDL_Event &)>'
H:\CMakeProjects\SimpleRenderEngineProject\submodules\SimpleRenderEngine\include\sre/SDLRenderer.hpp(112,25): warning C4251: 'sre::SDLRenderer::vr': class 'std::unique_ptr<sre::VR,std::default_delete<sre::VR>>' needs to have dll-interface to be used by clients of class 'sre::SDLRenderer'
H:\CMakeProjects\SimpleRenderEngineProject\submodules\SimpleRenderEngine\include\sre/SDLRenderer.hpp(112,10): message : see declaration of 'std::unique_ptr<sre::VR,std::default_delete<sre::VR>>'
H:\CMakeProjects\SimpleRenderEngineProject\submodules\SimpleRenderEngine\include\sre/SDLRenderer.hpp(113,17): warning C4251: 'sre::SDLRenderer::windowTitle': class 'std::basic_string<char,std::char_traits<char>,std::allocator<char>>' needs to have dll-interface to be used by clients of class 'sre::SDLRenderer'
F:\Visual Studio\2022\Community\VC\Tools\MSVC\14.37.32822\include\xstring(5119,29): message : see declaration of 'std::basic_string<char,std::char_traits<char>,std::allocator<char>>'
H:\CMakeProjects\SimpleRenderEngineProject\Exercise4\Engine\Engine/MyEngine.h(35,37): warning C4244: 'return': conversion from 'double' to 'float', possible loss of data
H:\CMakeProjects\SimpleRenderEngineProject\Exercise4\Engine\Engine/MyEngine.h(36,48): warning C4244: 'return': conversion from '_Rep' to 'float', possible loss of data
          with
          [
              _Rep=double
          ]
H:\CMakeProjects\SimpleRenderEngineProject\Exercise4\Engine\Engine/MyEngine.h(37,52): warning C4244: 'return': conversion from '_Rep' to 'float', possible loss of data
          with
          [
              _Rep=double
          ]
  MyGame.vcxproj -> H:\CMakeProjects\SREP-bin\Exercise4\ExampleGame\Debug\MyGame.exe
